[info] welcome to sbt 1.12.0 (Ubuntu Java 11.0.29)
[info] loading project definition from /home/kreddy/ADSProject_Group2/03_RV32I-pipeline/project
[info] loading settings for project root-03_rv32i-pipeline from build.sbt...
[info] set current project to root-03_rv32i-pipeline (in build file:/home/kreddy/ADSProject_Group2/03_RV32I-pipeline/)
[info] compiling 16 Scala sources to /home/kreddy/ADSProject_Group2/03_RV32I-pipeline/target/scala-2.12/classes ...
[info] /home/kreddy/ADSProject_Group2/03_RV32I-pipeline/src/main/scala/WBstage.scala:1:1: 
[info] Found names but no class, trait or object is defined in the compilation unit.
[info] The incremental compiler cannot record the dependency information in such case.
[info] Some errors like unused import referring to a non-existent class might not be reported.
[info]     
[info] // ADS I Class Project
[info] ^
[info] done compiling
[info] compiling 1 Scala source to /home/kreddy/ADSProject_Group2/03_RV32I-pipeline/target/scala-2.12/test-classes ...
[info] done compiling
WB: inRes=0x00000000 inRD=  0 inExc= 0 | outRes=0x00000000 outRD=  0 outExc= 0
MEMB: inVal=0x00000000 outVal=0x00000000 inRD=  0 outRD=  0 inExc= 0 outExc= 0
EXB: inVal=0x00000000 outVal=0x00000000 inRD=  0 outRD=  0
WB: inRes=0x00000000 inRD=  0 inExc= 0 | outRes=0x00000000 outRD=  0 outExc= 0
MEMB: inVal=0x00000000 outVal=0x00000000 inRD=  0 outRD=  0 inExc= 0 outExc= 0
EXB: inVal=0x00000000 outVal=0x00000000 inRD=  0 outRD=  0
WB: inRes=0x00000000 inRD=  0 inExc= 0 | outRes=0x00000000 outRD=  0 outExc= 0
MEMB: inVal=0x00000000 outVal=0x00000000 inRD=  0 outRD=  0 inExc= 0 outExc= 0
EXB: inVal=0x00000000 outVal=0x00000000 inRD=  0 outRD=  0
WB: inRes=0x00000000 inRD=  0 inExc= 0 | outRes=0x00000000 outRD=  0 outExc= 0
MEMB: inVal=0x00000000 outVal=0x00000000 inRD=  0 outRD=  0 inExc= 0 outExc= 0
EXB: inVal=0x00000000 outVal=0x00000000 inRD=  0 outRD=  0
WB: inRes=0x00000000 inRD=  0 inExc= 0 | outRes=0x00000000 outRD=  0 outExc= 0
MEMB: inVal=0x00000000 outVal=0x00000000 inRD=  0 outRD=  0 inExc= 0 outExc= 0
EXB: inVal=0x00000004 outVal=0x00000000 inRD=  1 outRD=  0
WB: inRes=0x00000000 inRD=  0 inExc= 0 | outRes=0x00000000 outRD=  0 outExc= 0
MEMB: inVal=0x00000004 outVal=0x00000000 inRD=  1 outRD=  0 inExc= 0 outExc= 0
EXB: inVal=0x00000005 outVal=0x00000004 inRD=  2 outRD=  1
[info] PipelinedRISCV32ITest:
[info] RV32I_BasicTester
[info] - should work *** FAILED ***
[info]   io_result=0 (0x0) did not equal expected=4 (0x4) (lines in PipelinedRISCV32I_tb.scala: 17) (PipelinedRISCV32I_tb.scala:24)
[info] Run completed in 8 seconds, 466 milliseconds.
[info] Total number of tests run: 1
[info] Suites: completed 1, aborted 0
[info] Tests: succeeded 0, failed 1, canceled 0, ignored 0, pending 0
[info] *** 1 TEST FAILED ***
[error] Failed tests:
[error] 	PipelinedRV32I_Tester.PipelinedRISCV32ITest
[error] (Test / test) sbt.TestsFailedException: Tests unsuccessful
[error] Total time: 23 s, completed Jan 20, 2026, 12:08:50 PM
